Numbers of substrate images referenced :

newdos/aleph_1          1
newdos/aleph_2          1
newdos/cetl_23          35
newdos/cruci_1          8
newdos/gen_a05          23
newdos/gen_b05          257
newdos/gen_e18          31
newdos/gen_e19          176
newdos/gen_e19p         1
newdos/gen_f16          8
newdos/gen_f16a         3
newdos/gen_f17          8
newdos/gen_f17a         7
newdos/gen_f18          8
newdos/gen_f18a         8
newdos/gen_f19a         14
newdos/gen_f20          847
newdos/gen_f20a         130
newdos/gen_f21          302
newdos/gen_f22          18
newdos/gen_g06          6
newdos/gen_g07          30
newdos/gen_g09          8
newdos/gen_g10          6
newdos/gen_g11          55
newdos/gen_g12          24
newdos/gen_g13          24
newdos/gen_jour2        23
newdos/gen_jour3        4
newdos/gen_k10          5
newdos/gen_k11          10
newdos/gen_k14          13
newdos/gen_k15          282
newdos/gen_k15o         117
newdos/gen_k16          22
newdos/gen_k17          1290
newdos/gen_l11          9
newdos/netboot2         24
newdos/netboot3         38
newdos/netboot4         1
newdos/senit_1          2
newdos/senit_pc5        1
newdos/ucl16_e          2
newdos/ucl18_e          3
newdos/viaA_H03         3
newdos/wysA_J14         5
newdos/wysA_J15         21
simH_D12/simH_D12       1
simJ_F11/simJ_F11       10
simK_F12/simK_F12       5
simL_E11/simL_E11       1
simL_F11/simL_F11       17
simM_G03/simM_G03       5
simN_F09/simN_F09       1
simN_F11/simN_F11       5
